<?xml version="1.0" encoding="UTF-8"?>
<testsuite xmlns:xsi="http://www.w3.org/2001/XMLSchema-instance" xsi:noNamespaceSchemaLocation="https://maven.apache.org/surefire/maven-surefire-plugin/xsd/surefire-test-report.xsd" version="3.0.2" name="com.project1.board.BoardTest" time="0.067" tests="11" errors="0" skipped="0" failures="0">
  <properties>
[...]
</properties>
  <testcase name="testNewBoardIsEmptyBeforeInitialization" classname="com.project1.board.BoardTest" time="0.009"/>
  <testcase name="testPositionKeySquareMappings" classname="com.project1.board.BoardTest" time="0.015"/>
  <testcase name="testStandardSetupPieceCount" classname="com.project1.board.BoardTest" time="0.001"/>
  <testcase name="testCornerGetAndSetPiece" classname="com.project1.board.BoardTest" time="0.0"/>
  <testcase name="testExactAsciiOutputOfStartingPosition" classname="com.project1.board.BoardTest" time="0.0"/>
  <testcase name="testAsciiOutputOfEmptyBoard" classname="com.project1.board.BoardTest" time="0.0"/>
  <testcase name="testBoardOutOfBoundsAndNullSafety" classname="com.project1.board.BoardTest" time="0.0"/>
  <testcase name="testInvalidPositionCoordinatesAndAlgebraic" classname="com.project1.board.BoardTest" time="0.0"/>
  <testcase name="testBoardClear" classname="com.project1.board.BoardTest" time="0.0"/>
  <testcase name="testStandardStartingPositionKeySquares" classname="com.project1.board.BoardTest" time="0.0"/>
  <testcase name="testWhiteAndBlackPieceColorsAndTypes" classname="com.project1.board.BoardTest" time="0.017"/>
</testsuite>